<?xml version="1.0" encoding="UTF-8"?>
<!-- Generated by org.testng.reporters.JUnitReportReporter -->
<testsuite hostname="DESKTOP-HOV94KE" failures="0" tests="1" name="testsuite.TestCases" time="0.000" errors="0" timestamp="2021-06-01T11:59:54 PDT" skipped="1">
  <testcase classname="testsuite.TestCases" name="testLoginSwaglabs" time="0.000">
    <skipped/>
  </testcase> <!-- testLoginSwaglabs -->
  <system-out/>
</testsuite> <!-- testsuite.TestCases -->
